<?xml version="1.0" encoding="UTF-8"?>
<testsuite xmlns:xsi="http://www.w3.org/2001/XMLSchema-instance" xsi:noNamespaceSchemaLocation="https://maven.apache.org/surefire/maven-surefire-plugin/xsd/surefire-test-report-3.0.xsd" version="3.0" name="dev.autosearch.AutoSearchConfigTest" time="0.099" tests="4" errors="0" skipped="0" failures="0">
  <properties>
[...]
</properties>
  <testcase name="defaultsNameWhenAbsent" classname="dev.autosearch.AutoSearchConfigTest" time="0.067"/>
  <testcase name="loadsPipelineDefaults" classname="dev.autosearch.AutoSearchConfigTest" time="0.005"/>
  <testcase name="loadsCorpusFields" classname="dev.autosearch.AutoSearchConfigTest" time="0.003"/>
  <testcase name="loadsName" classname="dev.autosearch.AutoSearchConfigTest" time="0.003"/>
</testsuite>